<?xml version="1.0" encoding="UTF-8"?>
<testng-results ignored="0" total="3" passed="3" failed="0" skipped="0">
  <reporter-output>
    <line>
      <![CDATA[Log in to Facebook]]>
    </line>
    <line>
      <![CDATA[https://www.facebook.com/login/?next=https%3A%2F%2Fwww.facebook.com%2Fpages%2Fcreate%2F%3Fref_type%3Dregistration_form]]>
    </line>
    <line>
      <![CDATA[Facebook – log in or sign up]]>
    </line>
    <line>
      <![CDATA[https://www.facebook.com/login/?privacy_mutation_token=eyJ0eXBlIjowLCJjcmVhdGlvbl90aW1lIjoxNjUwNDYwODU0LCJjYWxsc2l0ZV9pZCI6MzgxMjI5MDc5NTc1OTQ2fQ%3D%3D]]>
    </line>
    <line>
      <![CDATA[Forgotten Password | Can't Log In | Facebook]]>
    </line>
    <line>
      <![CDATA[https://www.facebook.com/login/identify/?ctx=recover&ars=facebook_login&from_login_screen=0]]>
    </line>
  </reporter-output>
  <suite started-at="2022-04-20T18:50:32 IST" name="Suite" finished-at="2022-04-20T18:51:10 IST" duration-ms="38506">
    <groups>
    </groups>
    <test started-at="2022-04-20T18:50:32 IST" name="Test" finished-at="2022-04-20T18:51:10 IST" duration-ms="38506">
      <class name="testNg.Testacse1">
        <test-method is-config="true" signature="openApp()[pri:0, instance:testNg.Testacse1@28975c28]" started-at="2022-04-20T18:50:49 IST" name="openApp" finished-at="2022-04-20T18:50:55 IST" duration-ms="5171" status="PASS">
          <reporter-output>
          </reporter-output>
        </test-method> <!-- openApp -->
        <test-method signature="tc1()[pri:0, instance:testNg.Testacse1@28975c28]" started-at="2022-04-20T18:50:55 IST" name="tc1" finished-at="2022-04-20T18:51:00 IST" duration-ms="5518" status="PASS">
          <reporter-output>
            <line>
              <![CDATA[Facebook – log in or sign up]]>
            </line>
            <line>
              <![CDATA[https://www.facebook.com/login/?privacy_mutation_token=eyJ0eXBlIjowLCJjcmVhdGlvbl90aW1lIjoxNjUwNDYwODU0LCJjYWxsc2l0ZV9pZCI6MzgxMjI5MDc5NTc1OTQ2fQ%3D%3D]]>
            </line>
          </reporter-output>
        </test-method> <!-- tc1 -->
        <test-method is-config="true" signature="closeApp()[pri:0, instance:testNg.Testacse1@28975c28]" started-at="2022-04-20T18:51:00 IST" name="closeApp" finished-at="2022-04-20T18:51:01 IST" duration-ms="1057" status="PASS">
          <reporter-output>
          </reporter-output>
        </test-method> <!-- closeApp -->
      </class> <!-- testNg.Testacse1 -->
      <class name="testNg.Testacse2">
        <test-method is-config="true" signature="openApp()[pri:0, instance:testNg.Testacse2@3943a2be]" started-at="2022-04-20T18:51:01 IST" name="openApp" finished-at="2022-04-20T18:51:07 IST" duration-ms="5381" status="PASS">
          <reporter-output>
          </reporter-output>
        </test-method> <!-- openApp -->
        <test-method signature="tc2()[pri:0, instance:testNg.Testacse2@3943a2be]" started-at="2022-04-20T18:51:07 IST" name="tc2" finished-at="2022-04-20T18:51:09 IST" duration-ms="2655" status="PASS">
          <reporter-output>
            <line>
              <![CDATA[Forgotten Password | Can't Log In | Facebook]]>
            </line>
            <line>
              <![CDATA[https://www.facebook.com/login/identify/?ctx=recover&ars=facebook_login&from_login_screen=0]]>
            </line>
          </reporter-output>
        </test-method> <!-- tc2 -->
        <test-method is-config="true" signature="closeApp()[pri:0, instance:testNg.Testacse2@3943a2be]" started-at="2022-04-20T18:51:09 IST" name="closeApp" finished-at="2022-04-20T18:51:10 IST" duration-ms="901" status="PASS">
          <reporter-output>
          </reporter-output>
        </test-method> <!-- closeApp -->
      </class> <!-- testNg.Testacse2 -->
      <class name="testNg.Testacse3">
        <test-method is-config="true" signature="openApp()[pri:0, instance:testNg.Testacse3@ba54932]" started-at="2022-04-20T18:50:32 IST" name="openApp" finished-at="2022-04-20T18:50:42 IST" duration-ms="10042" status="PASS">
          <reporter-output>
          </reporter-output>
        </test-method> <!-- openApp -->
        <test-method signature="tc3()[pri:0, instance:testNg.Testacse3@ba54932]" started-at="2022-04-20T18:50:42 IST" name="tc3" finished-at="2022-04-20T18:50:48 IST" duration-ms="6311" status="PASS">
          <reporter-output>
            <line>
              <![CDATA[Log in to Facebook]]>
            </line>
            <line>
              <![CDATA[https://www.facebook.com/login/?next=https%3A%2F%2Fwww.facebook.com%2Fpages%2Fcreate%2F%3Fref_type%3Dregistration_form]]>
            </line>
          </reporter-output>
        </test-method> <!-- tc3 -->
        <test-method is-config="true" signature="closeApp()[pri:0, instance:testNg.Testacse3@ba54932]" started-at="2022-04-20T18:50:48 IST" name="closeApp" finished-at="2022-04-20T18:50:49 IST" duration-ms="1313" status="PASS">
          <reporter-output>
          </reporter-output>
        </test-method> <!-- closeApp -->
      </class> <!-- testNg.Testacse3 -->
    </test> <!-- Test -->
  </suite> <!-- Suite -->
</testng-results>
