<?xml version="1.0" encoding="UTF-8"?>
<testng-results ignored="0" total="1" passed="1" failed="0" skipped="0">
  <reporter-output>
    <line>
      <![CDATA[Facebook – log in or sign up]]>
    </line>
    <line>
      <![CDATA[https://www.facebook.com/login/?privacy_mutation_token=eyJ0eXBlIjowLCJjcmVhdGlvbl90aW1lIjoxNjUwNTQ3MTE1LCJjYWxsc2l0ZV9pZCI6MzgxMjI5MDc5NTc1OTQ2fQ%3D%3D]]>
    </line>
  </reporter-output>
  <suite started-at="2022-04-21T18:48:31 IST" name="Failed suite [Default suite]" finished-at="2022-04-21T18:48:44 IST" duration-ms="12609">
    <groups>
    </groups>
    <test started-at="2022-04-21T18:48:31 IST" name="Default test(failed)" finished-at="2022-04-21T18:48:44 IST" duration-ms="12609">
      <class name="testNg.Testacse1">
        <test-method is-config="true" signature="openApp()[pri:0, instance:testNg.Testacse1@5f683daf]" started-at="2022-04-21T18:48:31 IST" name="openApp" finished-at="2022-04-21T18:48:37 IST" duration-ms="6055" status="PASS">
          <reporter-output>
          </reporter-output>
        </test-method> <!-- openApp -->
        <test-method signature="tc1()[pri:0, instance:testNg.Testacse1@5f683daf]" started-at="2022-04-21T18:48:37 IST" name="tc1" finished-at="2022-04-21T18:48:43 IST" duration-ms="5410" status="PASS">
          <reporter-output>
            <line>
              <![CDATA[Facebook – log in or sign up]]>
            </line>
            <line>
              <![CDATA[https://www.facebook.com/login/?privacy_mutation_token=eyJ0eXBlIjowLCJjcmVhdGlvbl90aW1lIjoxNjUwNTQ3MTE1LCJjYWxsc2l0ZV9pZCI6MzgxMjI5MDc5NTc1OTQ2fQ%3D%3D]]>
            </line>
          </reporter-output>
        </test-method> <!-- tc1 -->
        <test-method is-config="true" signature="closeApp()[pri:0, instance:testNg.Testacse1@5f683daf]" started-at="2022-04-21T18:48:43 IST" name="closeApp" finished-at="2022-04-21T18:48:44 IST" duration-ms="1059" status="PASS">
          <reporter-output>
          </reporter-output>
        </test-method> <!-- closeApp -->
      </class> <!-- testNg.Testacse1 -->
    </test> <!-- Default test(failed) -->
  </suite> <!-- Failed suite [Default suite] -->
</testng-results>
